0 info it worked if it ends with ok
1 verbose cli [ 'node', '/usr/local/bin/npm', 'update', '-g', 'bower' ]
2 info using npm@2.1.11
3 info using node@v0.10.32
4 verbose node symlink /usr/local/bin/node
5 silly mapToRegistry name bower
6 silly mapToRegistry using default registry
7 silly mapToRegistry registry https://registry.npmjs.org/
8 silly mapToRegistry uri https://registry.npmjs.org/bower
9 verbose request uri https://registry.npmjs.org/bower
10 verbose request no auth needed
11 info attempt registry request try #1 at 23:00:47
12 verbose request id 6af563c23f6b91e4
13 verbose etag "AL5RMD0TBAFJ867KRYTPRHAFN"
14 http request GET https://registry.npmjs.org/bower
15 http 304 https://registry.npmjs.org/bower
16 silly get cb [ 304,
16 silly get   { date: 'Mon, 06 Jul 2015 03:00:49 GMT',
16 silly get     via: '1.1 varnish',
16 silly get     'cache-control': 'max-age=60',
16 silly get     etag: '"AL5RMD0TBAFJ867KRYTPRHAFN"',
16 silly get     age: '17',
16 silly get     connection: 'keep-alive',
16 silly get     'x-served-by': 'cache-jfk1034-JFK',
16 silly get     'x-cache': 'HIT',
16 silly get     'x-cache-hits': '2',
16 silly get     'x-timer': 'S1436151649.329939,VS0,VE0',
16 silly get     vary: 'Accept' } ]
17 verbose etag https://registry.npmjs.org/bower from cache
18 info outdated updating [ [ '/usr/local/lib', 'bower', '1.3.12', '1.4.1', '1.4.1', 'latest' ] ]
19 verbose stack Error: EMFILE, readdir '/usr/local/lib/node_modules/grunt-cli/node_modules/nopt/node_modules/abbrev'
20 verbose cwd /Users/orenweingrod/Code/savta
21 error Darwin 14.1.0
22 error argv "node" "/usr/local/bin/npm" "update" "-g" "bower"
23 error node v0.10.32
24 error npm  v2.1.11
25 error path /usr/local/lib/node_modules/grunt-cli/node_modules/nopt/node_modules/abbrev
26 error code EMFILE
27 error errno 20
28 error EMFILE, readdir '/usr/local/lib/node_modules/grunt-cli/node_modules/nopt/node_modules/abbrev'
29 error If you need help, you may report this error at:
29 error     <http://github.com/npm/npm/issues>
30 verbose exit [ 20, true ]
